<?xml version="1.0" encoding="UTF-8"?>
<testng-results skipped="0" failed="1" ignored="0" total="2" passed="1">
  <reporter-output>
    <line>
      <![CDATA[captureScreen method called]]>
    </line>
    <line>
      <![CDATA[<a href='C:\workspace\AutomationProjectInDetail\src\main\resources\screenShots\testLogin1_06_10_2018_03_32_43.png'><img src='C:\workspace\AutomationProjectInDetail\src\main\resources\screenShots\testLogin1_06_10_2018_03_32_43.png'height='100' width='100'/></a>]]>
    </line>
  </reporter-output>
  <suite name="Default suite" duration-ms="9023" started-at="2018-10-06T10:02:36Z" finished-at="2018-10-06T10:02:45Z">
    <groups>
    </groups>
    <test name="Default test" duration-ms="9023" started-at="2018-10-06T10:02:36Z" finished-at="2018-10-06T10:02:45Z">
      <class name="com.AutomationProjectInDetail.testScript.Test1">
        <test-method status="PASS" signature="beforeSuite()[pri:0, instance:com.AutomationProjectInDetail.testScript.Test1@38ae61]" name="beforeSuite" is-config="true" duration-ms="343" started-at="2018-10-06T15:32:35Z" finished-at="2018-10-06T15:32:36Z">
          <reporter-output>
          </reporter-output>
        </test-method> <!-- beforeSuite -->
        <test-method status="PASS" signature="beforeTest()[pri:0, instance:com.AutomationProjectInDetail.testScript.Test1@38ae61]" name="beforeTest" is-config="true" duration-ms="6327" started-at="2018-10-06T15:32:36Z" finished-at="2018-10-06T15:32:42Z">
          <reporter-output>
          </reporter-output>
        </test-method> <!-- beforeTest -->
        <test-method status="PASS" signature="beforeMethod(java.lang.reflect.Method)[pri:0, instance:com.AutomationProjectInDetail.testScript.Test1@38ae61]" name="beforeMethod" is-config="true" duration-ms="31" started-at="2018-10-06T15:32:42Z" finished-at="2018-10-06T15:32:42Z">
          <params>
            <param index="0">
              <value>
                <![CDATA[public void com.AutomationProjectInDetail.testScript.Test1.testLogin()]]>
              </value>
            </param>
          </params>
          <reporter-output>
          </reporter-output>
        </test-method> <!-- beforeMethod -->
        <test-method status="PASS" signature="testLogin()[pri:0, instance:com.AutomationProjectInDetail.testScript.Test1@38ae61]" name="testLogin" duration-ms="15" started-at="2018-10-06T15:32:42Z" finished-at="2018-10-06T15:32:42Z">
          <reporter-output>
          </reporter-output>
        </test-method> <!-- testLogin -->
        <test-method status="PASS" signature="afterMethod(org.testng.ITestResult)[pri:0, instance:com.AutomationProjectInDetail.testScript.Test1@38ae61]" name="afterMethod" is-config="true" duration-ms="971" started-at="2018-10-06T15:32:42Z" finished-at="2018-10-06T15:32:43Z">
          <params>
            <param index="0">
              <value>
                <![CDATA[[TestResult name=testLogin status=SUCCESS method=Test1.testLogin()[pri:0, instance:com.AutomationProjectInDetail.testScript.Test1@38ae61] output={null}]]]>
              </value>
            </param>
          </params>
          <reporter-output>
          </reporter-output>
        </test-method> <!-- afterMethod -->
        <test-method status="FAIL" signature="testLogin1()[pri:0, instance:com.AutomationProjectInDetail.testScript.Test1@38ae61]" name="testLogin1" duration-ms="16" started-at="2018-10-06T15:32:43Z" finished-at="2018-10-06T15:32:43Z">
          <exception class="java.lang.AssertionError">
            <message>
              <![CDATA[expected [true] but found [false]]]>
            </message>
            <full-stacktrace>
              <![CDATA[java.lang.AssertionError: expected [true] but found [false]
	at org.testng.Assert.fail(Assert.java:94)
	at org.testng.Assert.failNotEquals(Assert.java:513)
	at org.testng.Assert.assertTrue(Assert.java:42)
	at org.testng.Assert.assertTrue(Assert.java:52)
	at com.AutomationProjectInDetail.helper.assertion.AssertionHelper.markFail(AssertionHelper.java:31)
	at com.AutomationProjectInDetail.testScript.Test1.testLogin1(Test1.java:19)
	at sun.reflect.NativeMethodAccessorImpl.invoke0(Native Method)
	at sun.reflect.NativeMethodAccessorImpl.invoke(Unknown Source)
	at sun.reflect.DelegatingMethodAccessorImpl.invoke(Unknown Source)
	at java.lang.reflect.Method.invoke(Unknown Source)
	at org.testng.internal.MethodInvocationHelper.invokeMethod(MethodInvocationHelper.java:104)
	at org.testng.internal.Invoker.invokeMethod(Invoker.java:645)
	at org.testng.internal.Invoker.invokeTestMethod(Invoker.java:851)
	at org.testng.internal.Invoker.invokeTestMethods(Invoker.java:1177)
	at org.testng.internal.TestMethodWorker.invokeTestMethods(TestMethodWorker.java:129)
	at org.testng.internal.TestMethodWorker.run(TestMethodWorker.java:112)
	at org.testng.TestRunner.privateRun(TestRunner.java:756)
	at org.testng.TestRunner.run(TestRunner.java:610)
	at org.testng.SuiteRunner.runTest(SuiteRunner.java:387)
	at org.testng.SuiteRunner.runSequentially(SuiteRunner.java:382)
	at org.testng.SuiteRunner.privateRun(SuiteRunner.java:340)
	at org.testng.SuiteRunner.run(SuiteRunner.java:289)
	at org.testng.SuiteRunnerWorker.runSuite(SuiteRunnerWorker.java:52)
	at org.testng.SuiteRunnerWorker.run(SuiteRunnerWorker.java:86)
	at org.testng.TestNG.runSuitesSequentially(TestNG.java:1293)
	at org.testng.TestNG.runSuitesLocally(TestNG.java:1218)
	at org.testng.TestNG.runSuites(TestNG.java:1133)
	at org.testng.TestNG.run(TestNG.java:1104)
	at org.testng.remote.AbstractRemoteTestNG.run(AbstractRemoteTestNG.java:114)
	at org.testng.remote.RemoteTestNG.initAndRun(RemoteTestNG.java:251)
	at org.testng.remote.RemoteTestNG.main(RemoteTestNG.java:77)
]]>
            </full-stacktrace>
          </exception> <!-- java.lang.AssertionError -->
          <reporter-output>
          </reporter-output>
        </test-method> <!-- testLogin1 -->
        <test-method status="PASS" signature="beforeMethod(java.lang.reflect.Method)[pri:0, instance:com.AutomationProjectInDetail.testScript.Test1@38ae61]" name="beforeMethod" is-config="true" duration-ms="0" started-at="2018-10-06T15:32:43Z" finished-at="2018-10-06T15:32:43Z">
          <params>
            <param index="0">
              <value>
                <![CDATA[public void com.AutomationProjectInDetail.testScript.Test1.testLogin1()]]>
              </value>
            </param>
          </params>
          <reporter-output>
          </reporter-output>
        </test-method> <!-- beforeMethod -->
        <test-method status="PASS" signature="afterMethod(org.testng.ITestResult)[pri:0, instance:com.AutomationProjectInDetail.testScript.Test1@38ae61]" name="afterMethod" is-config="true" duration-ms="783" started-at="2018-10-06T15:32:43Z" finished-at="2018-10-06T15:32:44Z">
          <params>
            <param index="0">
              <value>
                <![CDATA[[TestResult name=testLogin1 status=FAILURE method=Test1.testLogin1()[pri:0, instance:com.AutomationProjectInDetail.testScript.Test1@38ae61] output={null}]]]>
              </value>
            </param>
          </params>
          <reporter-output>
            <line>
              <![CDATA[captureScreen method called]]>
            </line>
            <line>
              <![CDATA[<a href='C:\workspace\AutomationProjectInDetail\src\main\resources\screenShots\testLogin1_06_10_2018_03_32_43.png'><img src='C:\workspace\AutomationProjectInDetail\src\main\resources\screenShots\testLogin1_06_10_2018_03_32_43.png'height='100' width='100'/></a>]]>
            </line>
          </reporter-output>
        </test-method> <!-- afterMethod -->
        <test-method status="PASS" signature="afterTest()[pri:0, instance:com.AutomationProjectInDetail.testScript.Test1@38ae61]" name="afterTest" is-config="true" duration-ms="786" started-at="2018-10-06T15:32:44Z" finished-at="2018-10-06T15:32:45Z">
          <reporter-output>
          </reporter-output>
        </test-method> <!-- afterTest -->
      </class> <!-- com.AutomationProjectInDetail.testScript.Test1 -->
    </test> <!-- Default test -->
  </suite> <!-- Default suite -->
</testng-results>
